    root 21939     1  0   Dec 28 ?        0:01 /opt/apache/bin/httpd -f /opt/apache/conf/music.httpd.conf
  webadm 22026 21939  0   Dec 28 ?        0:07 /opt/apache/bin/httpd -f /opt/apache/conf/music.httpd.conf
    root   428     1  0   Dec 22 ?        0:00 /opt/apache/bin/httpd -f /opt/apache/conf/myunt.httpd.conf
    root   366     1  0   Dec 22 ?        0:00 /opt/apache/bin/httpd -f /opt/apache/conf/eaglemail.httpd.conf
  webadm   371   366  0   Dec 22 ?        0:03 /opt/apache/bin/httpd -f /opt/apache/conf/eaglemail.httpd.conf
  webadm   372   366  0   Dec 22 ?        0:03 /opt/apache/bin/httpd -f /opt/apache/conf/eaglemail.httpd.conf
  webadm   373   366  0   Dec 22 ?        0:03 /opt/apache/bin/httpd -f /opt/apache/conf/eaglemail.httpd.conf
  webadm   374   366  0   Dec 22 ?        0:03 /opt/apache/bin/httpd -f /opt/apache/conf/eaglemail.httpd.conf
  webadm   375   366  0   Dec 22 ?        0:03 /opt/apache/bin/httpd -f /opt/apache/conf/eaglemail.httpd.conf
  webadm  5788  5785  0   Dec 29 ?        0:01 /opt/apache/bin/httpd -f /opt/apache/conf/econ.httpd.conf
  webadm  5789  5785  0   Dec 29 ?        0:01 /opt/apache/bin/httpd -f /opt/apache/conf/econ.httpd.conf
  webadm   378   366  0   Dec 22 ?        0:03 /opt/apache/bin/httpd -f /opt/apache/conf/eaglemail.httpd.conf
  webadm  9460  9458  0   Dec 30 ?        0:03 /opt/apache/bin/httpd -f /opt/apache/conf/emod.httpd.conf
  webadm  9463  9458  0   Dec 30 ?        0:03 /opt/apache/bin/httpd -f /opt/apache/conf/emod.httpd.conf
  webadm 10584 10580  0   Dec 30 ?        0:00 /opt/apache/bin/httpd -f /opt/apache/conf/simeon.httpd.conf
  webadm 10835 10737  0   Dec 30 ?        0:01 /opt/apache/bin/httpd -f /opt/apache/conf/gww.httpd.conf
  webadm 10509  9963  0   Dec 30 ?        0:00 /opt/apache/bin/httpd -f /opt/apache/conf/essc.httpd.conf
  webadm 10049 10046  0   Dec 30 ?        0:00 /opt/apache/bin/httpd -f /opt/apache/conf/forums.httpd.conf
  webadm 10047 10046  0   Dec 30 ?        0:00 /opt/apache/bin/httpd -f /opt/apache/conf/forums.httpd.conf
  webadm 10050 10046  0   Dec 30 ?        0:00 /opt/apache/bin/httpd -f /opt/apache/conf/forums.httpd.conf
  webadm 11098 11089  0   Dec 30 ?        0:00 /opt/apache/bin/httpd -f /opt/apache/conf/sportpsych.httpd.conf
  webadm 11091 11089  0   Dec 30 ?        0:00 /opt/apache/bin/httpd -f /opt/apache/conf/sportpsych.httpd.conf
  webadm 11219 11218  0   Dec 30 ?        0:01 /opt/apache/bin/httpd -f /opt/apache/conf/workteams.httpd.conf
  webadm 10851 10737  0   Dec 30 ?        0:02 /opt/apache/bin/httpd -f /opt/apache/conf/gww.httpd.conf
  webadm  9462  9458  0   Dec 30 ?        0:03 /opt/apache/bin/httpd -f /opt/apache/conf/emod.httpd.conf
  webadm 21940 21939  0   Dec 28 ?        0:06 /opt/apache/bin/httpd -f /opt/apache/conf/music.httpd.conf
  webadm  6173  5785  0   Dec 29 ?        0:01 /opt/apache/bin/httpd -f /opt/apache/conf/econ.httpd.conf
  webadm 22024 21939  0   Dec 28 ?        0:06 /opt/apache/bin/httpd -f /opt/apache/conf/music.httpd.conf
    root   473     1  0   Dec 22 ?        0:00 /opt/apache/bin/httpd -f /opt/apache/conf/webct.httpd.conf
  webadm   432   428  0   Dec 22 ?        0:01 /opt/apache/bin/httpd -f /opt/apache/conf/myunt.httpd.conf
  webadm 21943 21939  0   Dec 28 ?        0:07 /opt/apache/bin/httpd -f /opt/apache/conf/music.httpd.conf
  webadm   434   428  0   Dec 22 ?        0:02 /opt/apache/bin/httpd -f /opt/apache/conf/myunt.httpd.conf
  webadm 28336 28335  0   Dec 29 ?        0:10 /opt/apache/bin/httpd -f /opt/apache/conf/orgs.httpd.conf
  webadm   437   428  0   Dec 22 ?        0:01 /opt/apache/bin/httpd -f /opt/apache/conf/myunt.httpd.conf
  webadm   438   428  0   Dec 22 ?        0:01 /opt/apache/bin/httpd -f /opt/apache/conf/myunt.httpd.conf
  webadm   439   428  0   Dec 22 ?        0:02 /opt/apache/bin/httpd -f /opt/apache/conf/myunt.httpd.conf
  webadm 11092 11089  0   Dec 30 ?        0:00 /opt/apache/bin/httpd -f /opt/apache/conf/sportpsych.httpd.conf
    root 27728     1  0   Dec 29 ?        0:00 /opt/apache/bin/httpd -f /opt/apache/conf/sova.httpd.conf
  webadm 27731 27728  0   Dec 29 ?        0:05 /opt/apache/bin/httpd -f /opt/apache/conf/sova.httpd.conf
  webadm 11093 11089  0   Dec 30 ?        0:00 /opt/apache/bin/httpd -f /opt/apache/conf/sportpsych.httpd.conf
  webadm 10995 10992  0   Dec 30 ?        0:02 /opt/apache/bin/httpd -f /opt/apache/conf/tams.httpd.conf
  webadm 10996 10992  0   Dec 30 ?        0:02 /opt/apache/bin/httpd -f /opt/apache/conf/tams.httpd.conf
    root 22046     1  0   Dec 28 ?        0:01 /opt/apache/bin/httpd -f /opt/apache/conf/tcet.httpd.conf
  webadm 22066 22046  0   Dec 28 ?        0:04 /opt/apache/bin/httpd -f /opt/apache/conf/tcet.httpd.conf
  webadm   477   473  0   Dec 22 ?        0:00 /opt/apache/bin/httpd -f /opt/apache/conf/webct.httpd.conf
  webadm   478   473  0   Dec 22 ?        0:00 /opt/apache/bin/httpd -f /opt/apache/conf/webct.httpd.conf
  webadm   479   473  0   Dec 22 ?        0:00 /opt/apache/bin/httpd -f /opt/apache/conf/webct.httpd.conf
  webadm   480   473  0   Dec 22 ?        0:00 /opt/apache/bin/httpd -f /opt/apache/conf/webct.httpd.conf
  webadm   481   473  0   Dec 22 ?        0:00 /opt/apache/bin/httpd -f /opt/apache/conf/webct.httpd.conf
  webadm 11221 11218  0   Dec 30 ?        0:01 /opt/apache/bin/httpd -f /opt/apache/conf/workteams.httpd.conf
  webadm 11222 11218  0   Dec 30 ?        0:02 /opt/apache/bin/httpd -f /opt/apache/conf/workteams.httpd.conf
  webadm 28339 28335  0   Dec 29 ?        0:10 /opt/apache/bin/httpd -f /opt/apache/conf/orgs.httpd.conf
  webadm 21945 21939  0   Dec 28 ?        0:05 /opt/apache/bin/httpd -f /opt/apache/conf/music.httpd.conf
  webadm   758   473  0   Dec 22 ?        0:00 /opt/apache/bin/httpd -f /opt/apache/conf/webct.httpd.conf
  webadm   757   473  0   Dec 22 ?        0:00 /opt/apache/bin/httpd -f /opt/apache/conf/webct.httpd.conf
  webadm  3615   428  0   Dec 23 ?        0:01 /opt/apache/bin/httpd -f /opt/apache/conf/myunt.httpd.conf
  webadm  5695  5692  0   Dec 29 ?        0:00 /opt/apache/bin/httpd -f /opt/apache/conf/data.httpd.conf
  webadm   638   366  0   Dec 22 ?        0:04 /opt/apache/bin/httpd -f /opt/apache/conf/eaglemail.httpd.conf
  webadm   760   473  0   Dec 22 ?        0:00 /opt/apache/bin/httpd -f /opt/apache/conf/webct.httpd.conf
  webadm   705   428  0   Dec 22 ?        0:01 /opt/apache/bin/httpd -f /opt/apache/conf/myunt.httpd.conf
  webadm   759   473  0   Dec 22 ?        0:00 /opt/apache/bin/httpd -f /opt/apache/conf/webct.httpd.conf
  webadm 21672 21670  0   Dec 28 ?        0:03 /opt/apache/bin/httpd -f /opt/apache/conf/year2000.httpd.conf
  webadm 21678 21670  0   Dec 28 ?        0:02 /opt/apache/bin/httpd -f /opt/apache/conf/year2000.httpd.conf
  webadm 10993 10992  0   Dec 30 ?        0:02 /opt/apache/bin/httpd -f /opt/apache/conf/tams.httpd.conf
  webadm   879   366  0   Dec 22 ?        0:03 /opt/apache/bin/httpd -f /opt/apache/conf/eaglemail.httpd.conf
  webadm   880   366  0   Dec 22 ?        0:03 /opt/apache/bin/httpd -f /opt/apache/conf/eaglemail.httpd.conf
  webadm   761   473  0   Dec 22 ?        0:00 /opt/apache/bin/httpd -f /opt/apache/conf/webct.httpd.conf
  webadm 21673 21670  0   Dec 28 ?        0:03 /opt/apache/bin/httpd -f /opt/apache/conf/year2000.httpd.conf
  webadm   878   366  0   Dec 22 ?        0:03 /opt/apache/bin/httpd -f /opt/apache/conf/eaglemail.httpd.conf
  webadm 21674 21670  0   Dec 28 ?        0:03 /opt/apache/bin/httpd -f /opt/apache/conf/year2000.httpd.conf
  webadm  3588   428  0   Dec 23 ?        0:01 /opt/apache/bin/httpd -f /opt/apache/conf/myunt.httpd.conf
  webadm 10747  9963  0   Dec 30 ?        0:00 /opt/apache/bin/httpd -f /opt/apache/conf/essc.httpd.conf
  webadm 21947 21939  0   Dec 28 ?        0:06 /opt/apache/bin/httpd -f /opt/apache/conf/music.httpd.conf
  webadm  9465  9458  0   Dec 30 ?        0:03 /opt/apache/bin/httpd -f /opt/apache/conf/emod.httpd.conf
    root  5692     1  0   Dec 29 ?        0:00 /opt/apache/bin/httpd -f /opt/apache/conf/data.httpd.conf
  webadm 21671 21670  0   Dec 28 ?        0:03 /opt/apache/bin/httpd -f /opt/apache/conf/year2000.httpd.conf
  webadm  5787  5785  0   Dec 29 ?        0:01 /opt/apache/bin/httpd -f /opt/apache/conf/econ.httpd.conf
  webadm 21944 21939  0   Dec 28 ?        0:06 /opt/apache/bin/httpd -f /opt/apache/conf/music.httpd.conf
  webadm 22072 22046  0   Dec 28 ?        0:04 /opt/apache/bin/httpd -f /opt/apache/conf/tcet.httpd.conf
  webadm 22136 22046  0   Dec 28 ?        0:04 /opt/apache/bin/httpd -f /opt/apache/conf/tcet.httpd.conf
  webadm  3617   428  0   Dec 23 ?        0:01 /opt/apache/bin/httpd -f /opt/apache/conf/myunt.httpd.conf
    root 21670     1  0   Dec 28 ?        0:01 /opt/apache/bin/httpd -f /opt/apache/conf/year2000.httpd.conf
  webadm  3616   428  0   Dec 23 ?        0:01 /opt/apache/bin/httpd -f /opt/apache/conf/myunt.httpd.conf
  webadm 21676 21670  0   Dec 28 ?        0:02 /opt/apache/bin/httpd -f /opt/apache/conf/year2000.httpd.conf
    root 10737     1  0   Dec 30 ?        0:00 /opt/apache/bin/httpd -f /opt/apache/conf/gww.httpd.conf
  webadm 10048 10046  0   Dec 30 ?        0:00 /opt/apache/bin/httpd -f /opt/apache/conf/forums.httpd.conf
  webadm  6095  6094  0   Dec 23 ?        0:04 ns-httpd -d /opt/netscape/nse3-home/https-secure-home/config
  webadm 21680 21670  0   Dec 28 ?        0:03 /opt/apache/bin/httpd -f /opt/apache/conf/year2000.httpd.conf
  webadm 21677 21670  0   Dec 28 ?        0:03 /opt/apache/bin/httpd -f /opt/apache/conf/year2000.httpd.conf
  webadm 21941 21939  0   Dec 28 ?        0:05 /opt/apache/bin/httpd -f /opt/apache/conf/music.httpd.conf
  webadm 22064 22046  0   Dec 28 ?        0:04 /opt/apache/bin/httpd -f /opt/apache/conf/tcet.httpd.conf
  webadm 21679 21670  0   Dec 28 ?        0:03 /opt/apache/bin/httpd -f /opt/apache/conf/year2000.httpd.conf
  webadm 21942 21939  0   Dec 28 ?        0:06 /opt/apache/bin/httpd -f /opt/apache/conf/music.httpd.conf
  webadm 23093 10823  0   Dec 31 ?        0:00 /opt/apache/bin/httpd -f /opt/apache/conf/gal.httpd.conf
  webadm 21675 21670  0   Dec 28 ?        0:03 /opt/apache/bin/httpd -f /opt/apache/conf/year2000.httpd.conf
  webadm 22025 21939  0   Dec 28 ?        0:03 /opt/apache/bin/httpd -f /opt/apache/conf/music.httpd.conf
  webadm  9461  9458  0   Dec 30 ?        0:03 /opt/apache/bin/httpd -f /opt/apache/conf/emod.httpd.conf
  webadm 22065 22046  0   Dec 28 ?        0:04 /opt/apache/bin/httpd -f /opt/apache/conf/tcet.httpd.conf
  webadm 22063 22046  0   Dec 28 ?        0:04 /opt/apache/bin/httpd -f /opt/apache/conf/tcet.httpd.conf
  webadm 22062 22046  0   Dec 28 ?        0:04 /opt/apache/bin/httpd -f /opt/apache/conf/tcet.httpd.conf
  webadm  1120  1104  0   Dec 29 ?        0:06 /opt/apache/bin/httpd -f /opt/apache/conf/courses.httpd.conf
  webadm 27739 27728  0   Dec 29 ?        0:04 /opt/apache/bin/httpd -f /opt/apache/conf/sova.httpd.conf
  webadm 22135 22046  0   Dec 28 ?        0:04 /opt/apache/bin/httpd -f /opt/apache/conf/tcet.httpd.conf
  webadm 22102 22046  0   Dec 28 ?        0:04 /opt/apache/bin/httpd -f /opt/apache/conf/tcet.httpd.conf
  webadm  1110  1104  0   Dec 29 ?        0:06 /opt/apache/bin/httpd -f /opt/apache/conf/courses.httpd.conf
    root 10992     1  0   Dec 30 ?        0:00 /opt/apache/bin/httpd -f /opt/apache/conf/tams.httpd.conf
  webadm 22134 22046  0   Dec 28 ?        0:04 /opt/apache/bin/httpd -f /opt/apache/conf/tcet.httpd.conf
  webadm  7421  5785  0   Dec 30 ?        0:01 /opt/apache/bin/httpd -f /opt/apache/conf/econ.httpd.conf
  webadm  3728  1104  0   Dec 29 ?        0:06 /opt/apache/bin/httpd -f /opt/apache/conf/courses.httpd.conf
  webadm 18507 11218  0   Dec 30 ?        0:01 /opt/apache/bin/httpd -f /opt/apache/conf/workteams.httpd.conf
  webadm 28458 28335  0   Dec 29 ?        0:10 /opt/apache/bin/httpd -f /opt/apache/conf/orgs.httpd.conf
  webadm 10585 10580  0   Dec 30 ?        0:00 /opt/apache/bin/httpd -f /opt/apache/conf/simeon.httpd.conf
  webadm 27736 27728  0   Dec 29 ?        0:05 /opt/apache/bin/httpd -f /opt/apache/conf/sova.httpd.conf
  webadm 27729 27728  0   Dec 29 ?        0:05 /opt/apache/bin/httpd -f /opt/apache/conf/sova.httpd.conf
    root 11089     1  0   Dec 30 ?        0:00 /opt/apache/bin/httpd -f /opt/apache/conf/sportpsych.httpd.conf
  webadm 27733 27728  0   Dec 29 ?        0:04 /opt/apache/bin/httpd -f /opt/apache/conf/sova.httpd.conf
  webadm  3727  1104  0   Dec 29 ?        0:06 /opt/apache/bin/httpd -f /opt/apache/conf/courses.httpd.conf
  webadm 28342 28335  0   Dec 29 ?        0:10 /opt/apache/bin/httpd -f /opt/apache/conf/orgs.httpd.conf
  webadm 27735 27728  0   Dec 29 ?        0:05 /opt/apache/bin/httpd -f /opt/apache/conf/sova.httpd.conf
  webadm  5700  5692  0   Dec 29 ?        0:00 /opt/apache/bin/httpd -f /opt/apache/conf/data.httpd.conf
  webadm  5699  5692  0   Dec 29 ?        0:00 /opt/apache/bin/httpd -f /opt/apache/conf/data.httpd.conf
  webadm 28338 28335  0   Dec 29 ?        0:11 /opt/apache/bin/httpd -f /opt/apache/conf/orgs.httpd.conf
  webadm 27730 27728  0   Dec 29 ?        0:04 /opt/apache/bin/httpd -f /opt/apache/conf/sova.httpd.conf
  webadm 28388 28335  0   Dec 29 ?        0:12 /opt/apache/bin/httpd -f /opt/apache/conf/orgs.httpd.conf
  webadm 27732 27728  0   Dec 29 ?        0:04 /opt/apache/bin/httpd -f /opt/apache/conf/sova.httpd.conf
  webadm 27737 27728  0   Dec 29 ?        0:05 /opt/apache/bin/httpd -f /opt/apache/conf/sova.httpd.conf
  webadm 28355 28335  0   Dec 29 ?        0:09 /opt/apache/bin/httpd -f /opt/apache/conf/orgs.httpd.conf
    root  5785     1  0   Dec 29 ?        0:00 /opt/apache/bin/httpd -f /opt/apache/conf/econ.httpd.conf
  webadm 27738 27728  0   Dec 29 ?        0:05 /opt/apache/bin/httpd -f /opt/apache/conf/sova.httpd.conf
  webadm  9459  9458  0   Dec 30 ?        0:03 /opt/apache/bin/httpd -f /opt/apache/conf/emod.httpd.conf
    root 28335     1  0   Dec 29 ?        0:01 /opt/apache/bin/httpd -f /opt/apache/conf/orgs.httpd.conf
  webadm 28831 27728  0 12:04:53 ?        0:00 /opt/apache/bin/httpd -f /opt/apache/conf/sova.httpd.conf
  webadm 28340 28335  0   Dec 29 ?        0:11 /opt/apache/bin/httpd -f /opt/apache/conf/orgs.httpd.conf
  webadm  5693  5692  0   Dec 29 ?        0:00 /opt/apache/bin/httpd -f /opt/apache/conf/data.httpd.conf
  webadm  1105  1104  0   Dec 29 ?        0:05 /opt/apache/bin/httpd -f /opt/apache/conf/courses.httpd.conf
  webadm 28337 28335  0   Dec 29 ?        0:12 /opt/apache/bin/httpd -f /opt/apache/conf/orgs.httpd.conf
  webadm 28457 28335  0   Dec 29 ?        0:11 /opt/apache/bin/httpd -f /opt/apache/conf/orgs.httpd.conf
  webadm  5696  5692  0   Dec 29 ?        0:00 /opt/apache/bin/httpd -f /opt/apache/conf/data.httpd.conf
  webadm  9466  9458  0   Dec 30 ?        0:03 /opt/apache/bin/httpd -f /opt/apache/conf/emod.httpd.conf
  webadm 18439 11089  0   Dec 30 ?        0:00 /opt/apache/bin/httpd -f /opt/apache/conf/sportpsych.httpd.conf
  webadm  5698  5692  0   Dec 29 ?        0:00 /opt/apache/bin/httpd -f /opt/apache/conf/data.httpd.conf
  webadm  5790  5785  0   Dec 29 ?        0:01 /opt/apache/bin/httpd -f /opt/apache/conf/econ.httpd.conf
  webadm  1106  1104  0   Dec 29 ?        0:06 /opt/apache/bin/httpd -f /opt/apache/conf/courses.httpd.conf
  webadm  5697  5692  0   Dec 29 ?        0:00 /opt/apache/bin/httpd -f /opt/apache/conf/data.httpd.conf
  webadm 11497 10737  0   Dec 30 ?        0:02 /opt/apache/bin/httpd -f /opt/apache/conf/gww.httpd.conf
  webadm  9467  9458  0   Dec 30 ?        0:03 /opt/apache/bin/httpd -f /opt/apache/conf/emod.httpd.conf
  webadm  1109  1104  0   Dec 29 ?        0:06 /opt/apache/bin/httpd -f /opt/apache/conf/courses.httpd.conf
  webadm  5786  5785  0   Dec 29 ?        0:01 /opt/apache/bin/httpd -f /opt/apache/conf/econ.httpd.conf
  webadm  1108  1104  0   Dec 29 ?        0:06 /opt/apache/bin/httpd -f /opt/apache/conf/courses.httpd.conf
  webadm  1107  1104  0   Dec 29 ?        0:05 /opt/apache/bin/httpd -f /opt/apache/conf/courses.httpd.conf
    root  1104     1  0   Dec 29 ?        0:00 /opt/apache/bin/httpd -f /opt/apache/conf/courses.httpd.conf
  webadm  5694  5692  0   Dec 29 ?        0:00 /opt/apache/bin/httpd -f /opt/apache/conf/data.httpd.conf
  webadm 10997 10992  0   Dec 30 ?        0:01 /opt/apache/bin/httpd -f /opt/apache/conf/tams.httpd.conf
  webadm  6172  5785  0   Dec 29 ?        0:01 /opt/apache/bin/httpd -f /opt/apache/conf/econ.httpd.conf
  webadm 20313 10823  0   Dec 31 ?        0:00 /opt/apache/bin/httpd -f /opt/apache/conf/gal.httpd.conf
  webadm 23095 10823  0   Dec 31 ?        0:00 /opt/apache/bin/httpd -f /opt/apache/conf/gal.httpd.conf
  webadm 10583 10580  0   Dec 30 ?        0:00 /opt/apache/bin/httpd -f /opt/apache/conf/simeon.httpd.conf
  webadm  3729  1104  0   Dec 29 ?        0:05 /opt/apache/bin/httpd -f /opt/apache/conf/courses.httpd.conf
  webadm 11094 11089  0   Dec 30 ?        0:00 /opt/apache/bin/httpd -f /opt/apache/conf/sportpsych.httpd.conf
  webadm 11000 10992  0   Dec 30 ?        0:02 /opt/apache/bin/httpd -f /opt/apache/conf/tams.httpd.conf
  webadm  5701  5692  0   Dec 29 ?        0:00 /opt/apache/bin/httpd -f /opt/apache/conf/data.httpd.conf
  webadm  6171  5785  0   Dec 29 ?        0:01 /opt/apache/bin/httpd -f /opt/apache/conf/econ.httpd.conf
  webadm 10051 10046  0   Dec 30 ?        0:00 /opt/apache/bin/httpd -f /opt/apache/conf/forums.httpd.conf
  webadm 28665  1104  0 11:41:33 ?        0:00 /opt/apache/bin/httpd -f /opt/apache/conf/courses.httpd.conf
  webadm  5702  5692  0   Dec 29 ?        0:00 /opt/apache/bin/httpd -f /opt/apache/conf/data.httpd.conf
  webadm  5820  5785  0   Dec 29 ?        0:01 /opt/apache/bin/httpd -f /opt/apache/conf/econ.httpd.conf
  webadm 28462  1104  0 10:37:42 ?        0:00 /opt/apache/bin/httpd -f /opt/apache/conf/courses.httpd.conf
  webadm 10936 10737  0   Dec 30 ?        0:01 /opt/apache/bin/httpd -f /opt/apache/conf/gww.httpd.conf
  webadm  9464  9458  0   Dec 30 ?        0:02 /opt/apache/bin/httpd -f /opt/apache/conf/emod.httpd.conf
    root  9963     1  0   Dec 30 ?        0:00 /opt/apache/bin/httpd -f /opt/apache/conf/essc.httpd.conf
    root  9458     1  0   Dec 30 ?        0:00 /opt/apache/bin/httpd -f /opt/apache/conf/emod.httpd.conf
  webadm  9468  9458  0   Dec 30 ?        0:02 /opt/apache/bin/httpd -f /opt/apache/conf/emod.httpd.conf
  webadm 11375 10992  0   Dec 30 ?        0:02 /opt/apache/bin/httpd -f /opt/apache/conf/tams.httpd.conf
    root 10046     1  0   Dec 30 ?        0:00 /opt/apache/bin/httpd -f /opt/apache/conf/forums.httpd.conf
  webadm 10510  9963  0   Dec 30 ?        0:00 /opt/apache/bin/httpd -f /opt/apache/conf/essc.httpd.conf
  webadm 10839 10737  0   Dec 30 ?        0:02 /opt/apache/bin/httpd -f /opt/apache/conf/gww.httpd.conf
  webadm 10507  9963  0   Dec 30 ?        0:00 /opt/apache/bin/httpd -f /opt/apache/conf/essc.httpd.conf
  webadm 28638 28335  0 11:35:15 ?        0:00 /opt/apache/bin/httpd -f /opt/apache/conf/orgs.httpd.conf
  webadm 28464  1104  0 10:37:43 ?        0:00 /opt/apache/bin/httpd -f /opt/apache/conf/courses.httpd.conf
  webadm 10838 10737  0   Dec 30 ?        0:01 /opt/apache/bin/httpd -f /opt/apache/conf/gww.httpd.conf
  webadm 10511  9963  0   Dec 30 ?        0:00 /opt/apache/bin/httpd -f /opt/apache/conf/essc.httpd.conf
  webadm 11090 11089  0   Dec 30 ?        0:00 /opt/apache/bin/httpd -f /opt/apache/conf/sportpsych.httpd.conf
  webadm 28823 22046  0 12:02:11 ?        0:00 /opt/apache/bin/httpd -f /opt/apache/conf/tcet.httpd.conf
    root 10580     1  0   Dec 30 ?        0:00 /opt/apache/bin/httpd -f /opt/apache/conf/simeon.httpd.conf
  webadm 10581 10580  0   Dec 30 ?        0:00 /opt/apache/bin/httpd -f /opt/apache/conf/simeon.httpd.conf
  webadm 10582 10580  0   Dec 30 ?        0:00 /opt/apache/bin/httpd -f /opt/apache/conf/simeon.httpd.conf
  webadm 10831 10823  0   Dec 30 ?        0:00 /opt/apache/bin/httpd -f /opt/apache/conf/gal.httpd.conf
  webadm 10994 10992  0   Dec 30 ?        0:02 /opt/apache/bin/httpd -f /opt/apache/conf/tams.httpd.conf
  webadm 10589 10580  0   Dec 30 ?        0:00 /opt/apache/bin/httpd -f /opt/apache/conf/simeon.httpd.conf
  webadm 10590 10580  0   Dec 30 ?        0:00 /opt/apache/bin/httpd -f /opt/apache/conf/simeon.httpd.conf
  webadm 18440 11089  0   Dec 30 ?        0:00 /opt/apache/bin/httpd -f /opt/apache/conf/sportpsych.httpd.conf
  webadm 10591 10580  0   Dec 30 ?        0:00 /opt/apache/bin/httpd -f /opt/apache/conf/simeon.httpd.conf
  webadm 10508  9963  0   Dec 30 ?        0:00 /opt/apache/bin/httpd -f /opt/apache/conf/essc.httpd.conf
  webadm 10828 10823  0   Dec 30 ?        0:00 /opt/apache/bin/httpd -f /opt/apache/conf/gal.httpd.conf
  webadm 10827 10823  0   Dec 30 ?        0:00 /opt/apache/bin/httpd -f /opt/apache/conf/gal.httpd.conf
  webadm 10826 10823  0   Dec 30 ?        0:00 /opt/apache/bin/httpd -f /opt/apache/conf/gal.httpd.conf
  webadm 10836 10737  0   Dec 30 ?        0:02 /opt/apache/bin/httpd -f /opt/apache/conf/gww.httpd.conf
  webadm 10824 10823  0   Dec 30 ?        0:00 /opt/apache/bin/httpd -f /opt/apache/conf/gal.httpd.conf
  webadm 11220 11218  0   Dec 30 ?        0:01 /opt/apache/bin/httpd -f /opt/apache/conf/workteams.httpd.conf
    root 10823     1  0   Dec 30 ?        0:00 /opt/apache/bin/httpd -f /opt/apache/conf/gal.httpd.conf
  webadm 10837 10737  0   Dec 30 ?        0:01 /opt/apache/bin/httpd -f /opt/apache/conf/gww.httpd.conf
  webadm 11223 11218  0   Dec 30 ?        0:02 /opt/apache/bin/httpd -f /opt/apache/conf/workteams.httpd.conf
  webadm 10825 10823  0   Dec 30 ?        0:00 /opt/apache/bin/httpd -f /opt/apache/conf/gal.httpd.conf
  webadm 10849 10737  0   Dec 30 ?        0:01 /opt/apache/bin/httpd -f /opt/apache/conf/gww.httpd.conf
  webadm 18438 11089  0   Dec 30 ?        0:00 /opt/apache/bin/httpd -f /opt/apache/conf/sportpsych.httpd.conf
  webadm 10850 10737  0   Dec 30 ?        0:01 /opt/apache/bin/httpd -f /opt/apache/conf/gww.httpd.conf
    root 11218     1  0   Dec 30 ?        0:00 /opt/apache/bin/httpd -f /opt/apache/conf/workteams.httpd.conf
  webadm 11376 10992  0   Dec 30 ?        0:02 /opt/apache/bin/httpd -f /opt/apache/conf/tams.httpd.conf
  webadm 11202 10992  0   Dec 30 ?        0:01 /opt/apache/bin/httpd -f /opt/apache/conf/tams.httpd.conf
  webadm 11374 10992  0   Dec 30 ?        0:02 /opt/apache/bin/httpd -f /opt/apache/conf/tams.httpd.conf
  webadm 28639 28335  0 11:35:16 ?        0:00 /opt/apache/bin/httpd -f /opt/apache/conf/orgs.httpd.conf
  webadm 11782 11218  0   Dec 30 ?        0:01 /opt/apache/bin/httpd -f /opt/apache/conf/workteams.httpd.conf
  webadm 11287 11218  0   Dec 30 ?        0:01 /opt/apache/bin/httpd -f /opt/apache/conf/workteams.httpd.conf
  webadm 11288 11218  0   Dec 30 ?        0:02 /opt/apache/bin/httpd -f /opt/apache/conf/workteams.httpd.conf
  webadm 11289 11218  0   Dec 30 ?        0:02 /opt/apache/bin/httpd -f /opt/apache/conf/workteams.httpd.conf
  webadm 28463  1104  0 10:37:43 ?        0:00 /opt/apache/bin/httpd -f /opt/apache/conf/courses.httpd.conf
  webadm 29456  1104  0 12:56:29 ?        0:00 /opt/apache/bin/httpd -f /opt/apache/conf/courses.httpd.conf
  webadm 29315 28335  0 12:46:13 ?        0:00 /opt/apache/bin/httpd -f /opt/apache/conf/orgs.httpd.conf
  webadm 11790 11089  0   Dec 30 ?        0:00 /opt/apache/bin/httpd -f /opt/apache/conf/sportpsych.httpd.conf
  webadm 28640 28335  0 11:35:16 ?        0:00 /opt/apache/bin/httpd -f /opt/apache/conf/orgs.httpd.conf
  webadm 29323  1104  0 12:49:08 ?        0:00 /opt/apache/bin/httpd -f /opt/apache/conf/courses.httpd.conf
  webadm 23094 10823  0   Dec 31 ?        0:00 /opt/apache/bin/httpd -f /opt/apache/conf/gal.httpd.conf
  webadm 28660 27728  0 11:39:17 ?        0:00 /opt/apache/bin/httpd -f /opt/apache/conf/sova.httpd.conf
  webadm 28642 28335  0 11:35:25 ?        0:00 /opt/apache/bin/httpd -f /opt/apache/conf/orgs.httpd.conf
  webadm 22261 22260  0   Dec 31 ?       19:20 ns-httpd -d /opt/netscape/nse3-home/https-www.unt.edu/config
  webadm 28566 27728  0 11:26:59 ?        0:00 /opt/apache/bin/httpd -f /opt/apache/conf/sova.httpd.conf
  webadm 28874 22046  0 12:27:49 ?        0:00 /opt/apache/bin/httpd -f /opt/apache/conf/tcet.httpd.conf
    root 29568 28931  0 13:02:02 pts/1    0:00 grep httpd
  webadm 29317 28335  0 12:46:52 ?        0:00 /opt/apache/bin/httpd -f /opt/apache/conf/orgs.httpd.conf
